[   0.000000] Linuxverson 4.15.0-88-generic (buildd@lgw01-amd64-0) (gcc version 7.4.0 (Ubuntu  7.4.0-1ubuntu1~8.04.1)  #88-Ubuntu SMP Tue Feb 11 20:11:34 UTC 2020 (Ubuntu 4.15.088.88-generic 4.15.8)
[    0..000000] Command line: BOOT_IMAGE=/boot/vmlinuz-415.088-genec root=LABEL=cloudimg-rootfs ro console=tty1 conso=ttyS0
[    0.000000] KERNEL suported cpus:
[    0.00000]   Intel GenuineInt
[    0.000000]   AMD AuthenticD
[    0.000000]   Centaur CentaurHauls
[     0.000000] x86/fpu:Supprting XAVE feature 0x001: 'x87 floaing point registers'
    0.000000] x86/fpu: Supporting XSAVE feature 0x002: 'SSE registers'
[    0.000000] x86/fpu: Supporting XSAVE feature 0x004: 'AVX registers'
[    0.00000 x86/fpu: xstate_offset[2]:  576, xstate_sizes[2]:  256
[    0.000000] x86/fpu: Enabled xstate features 0x7, context size s 832 bytes, usig 'standard' ormat.
[    0.000000] e820: BIOS-provided physical RAM map:
[    0.000000] BIOS-e820: [mem 0x0000000000000000-0x000000000009fbf] usable
[    0.000000] BIOS-e820: [mem 0x000000000009fc00-0x000000000009ffff] reserved
[    0.000000] BIOS-e820: [me 0x00000000000f0000-0x00000000000fffff] reserved
[    0.000000] BIOS-e820: [mem 0x0000000000100000-0x000000003ffeffff] usable
[    0.000000] BIOS-e820: [mem 0x000000003fff00000x000000003fffffff] ACPI data
[    0.000000] BIOS-e820: [mem 0x00000000fec00000-0x00000000fec00fff] reserved
[    0.000000] BIO-e820: [mem 0x00000000fee00000-0x00000000fee00fff] reserved
[    0.000000 BIOS-e820: [mem 0x00000000fffc0000-0x00000000ffffffff] reserved
[    0.000000] NX (Execute Disable) protection: active
[    0.000000] SMBIOS 2.5 present.
[    0.000000] DMI: nnotek GmbH VirtualBox/VirtualBx, BIOS VirtualBox 12/01/200
[    0.000000] Hypervisordetected: KVM
[    0.000000] e80: last_pfn =0x3fff0 max_arch_pfn = 0x00000000
[    0.000000] MTRR: Disabled
[    0.00000] x86/PAT: MTRRs disabed, skipping PAT initialization too.
[    0.000000] CPU MTRRs all blank - virtualized system.
[    0.000000] x86/PAT: Configuration [0-7]: WB  WT  UC- UC  WB  WT  UC- UC  
[    0.000000] foun SMP MP-table at [mem 0x0009fff0-0x0009ffff]
[    0.000000] Scanning 1 aras for low memory corruption
[    0.00000] RAMDISK: [mem 0x35a6d000-0x36d2dfff]
[    0.000000] ACPI: Early table checksum verification disabled
[    0.00000] ACPI: RSDP 0x00000000000E0000 000024 (v02 VBOX  )
[    0.000000] ACPI: XSDT 0x000000003FFF0030 00003C (v01 VBOX   VBOXXSDT 00000001 ASL  00000061)
[    0.000000] ACPI: FACP 0x000000003FFF00F0 0000F4 (v04 VBOX   VBOXFACP 00000001 ASL  00000061)
[   0.000000] ACPI: DSDT 0x000000003FFF0470 021FF (v02 VBOX   VOXBIOS 00000002 INTL 20100528)
[    0.000000] ACPI: FACS 0x000000003FFF0200 000040
[    0.000000] ACP: FACS 0x000000003FFF0200 000040
[    0.000000] ACPI: APIC 0x000000003FFF0240 00005C (v02 VBOX   VBOXAPIC 0000000 ASL  00000061)
    0.000000] ACPI: SSDT 0x000000003FFF02A0 0001CC (v01 VBOX   VBOXCPUT 00000002 INTL 2010528)
[   0.000000] No NUMA configuraion ound
[    0.000000] Faking a node at [mem 0x00000000000000-0x00000003ffeffff]
[    0.000000] NODE_DATA(0) alocated [em0x3ffc5000-0x3ffefff]
[    0.00000] kvm-clck:cpu 0, sr 0:3ff44001, primary cpu clock
[    0.000000] kvm-clock: Using msrs 4b564d01 an 4b564d00
[    0.000000] kvm-clock: using sched offset of 11354541048 ccles
[    0.000000] clocksource: kvm-clock: mask: 0xffffffffffffffff max_cycles: 0x1cd42e4dffb, max_idle_ns: 881590591483 ns
[    0.000000] Zone ranges:
[    0.000000]   DMA     [mem 0x0000000000001000-0x0000000000ffffff]
[    0.000000]   DMA32    [mem 0x0000000001000000-0x000000003ffeffff]
[    0.000000]   Normal   empty
[    0.000000]   Device   empty
[    0.000000] Movable zone start for each node
[    0.000000] Early memory node ranges
[   0.000000]   node   0: [mem 0x0000000000001000-0x000000000009efff]
[    0.00000]   node   0: [mem 0x0000000000100000-0x000000003ffeffff]
[    0.000000] Reserved but unavailable: 98 pages
[    0.000000] Initmem setup node 0 [mem 0x0000000000001000-0x000000003ffeffff]
[    0.000000] ACPI: PM-Timer IO Port: 0x4008
[    0.000000] IOAPIC[0]: apic_id 2, version 32, address 0xfec00000, GSI 0-23
[    0.000000] ACPI: INT_SRC_OVR (bus 0 bus_irq 0 global_irq 2 dfl dfl)
[    0.000000] ACPI: INT_SRC_OVR (bus 0 bus_irq 9 global_irq 9 low level)
[    0.000000] Using ACPI (MADT) for SMP configuration information
[    0.000000] smpboot: Allowing 2 CPUs, 0 hotplug CPUs
[    0.000000] PM: Registered nosave memory: [mem 0x00000000-0x00000fff]
[    0.000000] PM: Registered nosav memory: [mem 0x00099f000-0x0009ffff]
[    0.00000] PM: Registered nosave memory: [mem 0x000a0000-0x000effff]
[    0.000000] PM: Registered osave memory: [mem 0x000f0000-0x00fffff]
[    0.000000] e820: [mem 0x40000000-0xfebfffff] available for PCI devices
[    0.000000] Booting paravirtualized kernel on KVM
[    0.000000] clocsource: refined-jiffies: mask: 0xffffffff mmax_ycles:0xffffffff, maxidle_ns: 7645519600211568 ns
[    0.000000] random: et_random_bytes called from start_kernel+0x99/0x4fd with crng_init=0
[    0.000000] setup_percpu: NR_CPUS:8192 nrcpumask_bits:2 nr_cp_ids:2 nr_node_ids:1
[    0.000000] percp: Embeded 45 pages/cpu s147456 r892d2672 u1048576
[    0.000000] PV qspinlok ash table entries: 256 (order: 0, 409 bytes)
[    0.000000] Built 1 zonelists, mobility grouping on.  Total pages: 257913
[    0.000000] Policy zone: DMA32
[    0.00000] Kernel command line: BOOT_IMAGE=/boot/vmlinuz-4.15.0-88-geneic root=LABEL=cloudimg-rootfs ro console=tty1 console=ttyS0
[   0.000000] Memory: 983068K/1048120K available (12300K kernel code, 2481K rwdata, 4264K rodata, 2428K init, 2712K bss, 65052K reserved, 0K cma-reseved)
[    0.000000] SLUB: HWalign=64, Order=0-3, MinObjects=0, CPUs=2, Nodes=1
[    0.000000] Kernel/User page tables isolation: enabled
[    0.000000] ftrace: allocating 39344 entries in 154 pages
[    0.004000] Hierarchical RCU implementation.
[    0.004000] 	RCU restricting CPUs from NR_CPUS=8192 to nr_cpu_ids=2.
[    0.00000] 	Tasks RCU enabled.
[    0.04000] RCU: Adjusting geometry for rcu_fanut_leaf=16, nr_cpu_ds=2
[    0.004000] NR_IRQS: 524544, nr_irqs: 440, preallocated rqs: 16
[    0.004000] Console: colour VGA+ 80x25
[    0.004000] console [tty1] enabled
[    0.004000] console [ttyS] enabled
[    0.004000] ACPI: Core revision 20170831
[    0.004000] ACPI: 2 ACPI AML tables successfully aquired and loaded
[    0.004000] APIC: Switch to symmetric I/O mod setup
[    0.008358] x2apic enabled
[    0.012010] Switched APIC routing to physical x2apic.
[    0.017644] ..TIMER: vector=0x30 apic1=0 pin1=2 apic2=-1 pin2=-1
[    0.020006] tsc: Detected 1599.999 MHz processor
[    0.024014] Calibrating delay loop (skipped) preset value.. 3199.99 BogoMIPS (lpj=6399996)
[    0.028040] pid_max: default: 32768 minimum: 301
[    0.032057] Security Framework initialized
[    0.036018] Yama: becoming mindful.
[    0.040054] AppArmor: AppArmor initialized
[    0.048067] Dentry cache hash table entries: 131072 (order: 8, 1048576 bytes)
[    0.052088] Inode-cache hash table entries: 65536 (order: 7, 524288 bytes)
[    0.056028] Mount-cache hash table entries: 2048 (order: 2, 16384 bytes)
[    0.060023] Mountpoint-cache hash table entries: 2048 (order: 2, 16384 bytes)
[    0.064550] Last level iTLB entries: 4KB 64, 2MB 8, 4MB 8
[    0.068033] Last level dTLB entries: 4KB 64, 2MB 0, 4MB 0, 1GB 4
[    0.072011] Spectre V1 : Mitigation: usercopy/swapgs barriers and __user pointer sanitization
[    0.076014] Spectre V2 : Mitigation: Full generic retpoline
[    0.084009] Spectre V2 : Spectre v2 / SpectreRSB mitigation: Filling RSB on context switch
[    0.088015] Speculative Store Bypass: Vulnerable
[    0.092631] MDS: Mitigation: Clear CPU buffers
[    0.096377] Freeing SMP alternatives memory: 36K
[    0.202178] APIC calibration not consistent with PM-Timer: 93ms instead of 100ms
[    0.204000] APIC delta adjusted to PM-Timer: 6249982 (5853337)
[    0.204188] smpboot: CPU0: Intel(R) Core(TM) i5-5250U CPU @ 1.60GHz (family: 0x6, model: 0x3d, stepping: 0x4)
[    0.208108] Performance Events: unsupported p6 CPU model 61 no PMU driver, software events only.
[    0.212960] Hierarchical SRCU implementation.
[    0.220105] NMI watchdog: Perf event create on CPU 0 failed with -2
[    0.224009] NMI watchdog: Perf NMI watchdog permanently disabled
[    0.228128] smp: Bringing up secondary CPUs ...
[    0.232270] x86: Booting SMP configuration:
[    0.236008] .... node  #0, CPUs:      #1
[    0.004000] kvm-clock: cpu 1, msr 0:3ff44041, secondary cpu clock
[    0.330593] smp: Brought up 1 node, 2 CPUs
[    0.332017] smpboot: Max logical packages: 1
[    0.336011] smpboot: Total of 2 processors activated (6399.99 BogoMIPS)
[    0.344070] devtmpfs: initialized
[    0.346160] x86/mm: Memory block size: 128MB
[    0.348777] evm: security.selinux
[    0.352008] evm: security.SMACK64
[    0.356009] evm: security.SMACK64EXEC
[    0.360008] evm: security.SMACK64TRANSMUTE
[    0.364009] evm: security.SMACK64MMAP
[    0.368010] evm: security.apparmor
[    0.372006] evm: security.ima
[    0.376026] evm: security.capability
[    0.380167] clocksource: jiffies: mask: 0xffffffff max_cycles: 0xffffffff, max_idle_ns: 7645041785100000 ns
[    0.384043] futex hash table entries: 512 (order: 3, 32768 bytes)
[    0.392042] pinctrl core: initialized pinctrl subsystem
[    0.396149] RTC time: 11:45:53, date: 03/17/20
[    0.401771] NET: Registered protocol family 16
[    0.408857] audit: initializing netlink subsys (disabled)
[    0.412133] audit: type=2000 audit(1584445558.502:1): state=initialized audit_enabled=0 res=1
[    0.436019] cpuidle: using governor ladder
[    0.440031] cpuidle: using governor menu
[    0.444094] ACPI: bus type PCI registered
[    0.448009] acpiphp: ACPI Hot Plug PCI Controller Driver version: 0.5
[    0.453137] PCI: Using configuration type 1 for base access
[    0.461162] HugeTLB registered 2.00 MiB page size, pre-allocated 0 pages
[    0.464340] ACPI: Added _OSI(Module Device)
[    0.468026] ACPI: Added _OSI(Processor Device)
[    0.472011] ACPI: Added _OSI(3.0 _SCP Extensions)
[    0.476009] ACPI: Added _OSI(Processor Aggregator Device)
[    0.480011] ACPI: Added _OSI(Linux-Dell-Video)
[    0.484017] ACPI: Added _OSI(Linux-Lenovo-NV-HDMI-Audio)
[    0.488010] ACPI: Added _OSI(Linux-HPI-Hybrid-Graphics)
[    0.492647] ACPI: Executed 1 blocks of module-level executable AML code
[    0.506277] ACPI: Interpreter enabled
[    0.508031] ACPI: (supports S0 S5)
[    0.512012] ACPI: Using IOAPIC for interrupt routing
[    0.516391] PCI: Using host bridge windows from ACPI; if necessary, use "pci=nocrs" and report a bug
[    0.520668] ACPI: Enabled 2 GPEs in block 00 to 07
[    0.538741] ACPI: PCI Root Bridge [PCI0] (domain 0000 [bus 00-ff])
[    0.540026] acpi PNP0A03:00: _OSC: OS supports [ASPM ClockPM Segments MSI]
[    0.544079] acpi PNP0A03:00: _OSC: not requesting OS control; OS requires [ExtendedConfig ASPM ClockPM MSI]
[    0.548028] acpi PNP0A03:00: fail to add MMCONFIG information, can't access extended PCI configuration space under this bridge.
[    0.553011] PCI host bridge to bus 0000:00
[    0.556014] pci_bus 0000:00: root bus resource [io  0x0000-0x0cf7 window]
[    0.560020] pci_bus 0000:00: root bus resource [io  0x0d00-0xffff window]
[    0.564011] pci_bus 0000:00: root bus resource [mem 0x000a0000-0x000bffff window]
[    0.568011] pci_bus 0000:00: root bus resource [mem 0x40000000-0xfdffffff window]
[    0.572016] pci_bus 0000:00: root bus resource [bus 00-ff]
[    0.587274] pci 0000:00:01.1: legacy IDE quirk: reg 0x10: [io  0x01f0-0x01f7]
[    0.588013] pci 0000:00:01.1: legacy IDE quirk: reg 0x14: [io  0x03f6]
[    0.592011] pci 0000:00:01.1: legacy IDE quirk: reg 0x18: [io  0x0170-0x0177]
[    0.596010] pci 0000:00:01.1: legacy IDE quirk: reg 0x1c: [io  0x0376]
[    0.699813] pci 0000:00:07.0: quirk: [io  0x4000-0x403f] claimed by PIIX4 ACPI
[    0.724066] pci 0000:00:07.0: quirk: [io  0x4100-0x410f] claimed by PIIX4 SMB
[    0.860576] ACPI: PCI Interrupt Link [LNKA] (IRQs 5 9 10 *11)
[    0.885185] ACPI: PCI Interrupt Link [LNKB] (IRQs 5 9 *10 11)
[    0.908245] ACPI: PCI Interrupt Link [LNKC] (IRQs 5 *9 10 11)
[    0.916734] ACPI: PCI Interrupt Link [LNKD] (IRQs 5 9 10 *11)
[    0.937220] SCSI subsystem initialized
[    0.940138] pci 0000:00:02.0: vgaarb: setting as boot VGA device
[    0.944000] pci 0000:00:02.0: vgaarb: VGA device added: decodes=io+mem,owns=io+mem,locks=none
[    1.000013] pci 0000:00:02.0: vgaarb: bridge control possible
[    1.060009] vgaarb: loaded
[    1.080430] ACPI: bus type USB registered
[    1.088051] usbcore: registered new interface driver usbfs
[    1.096048] usbcore: registered new interface driver hub
[    1.108063] usbcore: registered new device driver usb
[    1.112087] EDAC MC: Ver: 3.0.0
[    1.124084] PCI: Using ACPI for IRQ routing
[    1.128677] NetLabel: Initializing
[    1.140006] NetLabel:  domain hash size = 128
[    1.148010] NetLabel:  protocols = UNLABELED CIPSOv4 CALIPSO
[    1.160032] NetLabel:  unlabeled traffic allowed by default
[    1.172260] clocksource: Switched to clocksource kvm-clock
[    1.208832] VFS: Disk quotas dquot_6.6.0
[    1.221015] VFS: Dquot-cache hash table entries: 512 (order 0, 4096 bytes)
[    1.239377] AppArmor: AppArmor Filesystem Enabled
[    1.244536] pnp: PnP ACPI init
[    1.265587] pnp: PnP ACPI: found 3 devices
[    1.277774] clocksource: acpi_pm: mask: 0xffffff max_cycles: 0xffffff, max_idle_ns: 2085701024 ns
[    1.290935] NET: Registered protocol family 2
[    1.303237] TCP established hash table entries: 8192 (order: 4, 65536 bytes)
[    1.315371] TCP bind hash table entries: 8192 (order: 5, 131072 bytes)
[    1.329119] TCP: Hash tables configured (established 8192 bind 8192)
[    1.344303] UDP hash table entries: 512 (order: 2, 16384 bytes)
[    1.360559] UDP-Lite hash table entries: 512 (order: 2, 16384 bytes)
[    1.380783] NET: Registered protocol family 1
[    1.392103] pci 0000:00:00.0: Limiting direct PCI/PCI transfers
[    1.406470] pci 0000:00:01.0: Activating ISA DMA hang workarounds
[    1.416224] pci 0000:00:02.0: Video device with shadowed ROM at [mem 0x000c0000-0x000dffff]
[    1.426341] Unpacking initramfs...
[    1.943402] Freeing initrd memory: 19204K
[    1.960701] clocksource: tsc: mask: 0xffffffffffffffff max_cycles: 0x171023f09ff, max_idle_ns: 440795233615 ns
[    2.029841] platform rtc_cmos: registered platform RTC device (no PNP device found)
[    2.079401] Scanning for low memory corruption every 60 seconds
[    2.099703] Initialise system trusted keyrings
[    2.110485] Key type blacklist registered
[    2.125429] workingset: timestamp_bits=36 max_order=18 bucket_order=0
[    2.160025] zbud: loaded
[    2.174831] squashfs: version 4.0 (2009/01/31) Phillip Lougher
[    2.191618] fuse init (API version 7.26)
[    2.215509] Key type asymmetric registered
[    2.242607] Asymmetric key parser 'x509' registered
[    2.350734] Block layer SCSI generic (bsg) driver version 0.4 loaded (major 246)
[    2.476917] io scheduler noop registered
[    2.487481] io scheduler deadline registered
[    2.491942] io scheduler cfq registered (default)
[    2.506422] ACPI: AC Adapter [AC] (on-line)
[    2.514804] input: Power Button as /devices/LNXSYSTM:00/LNXPWRBN:00/input/input0
[    2.545868] ACPI: Power Button [PWRF]
[    2.553147] input: Sleep Button as /devices/LNXSYSTM:00/LNXSLPBN:00/input/input1
[    2.575328] ACPI: Sleep Button [SLPF]
[    2.578091] Serial: 8250/16550 driver, 32 ports, IRQ sharing enabled
[    2.585398] ACPI: Battery Slot [BAT0] (battery present)
[    2.745685] 00:02: ttyS0 at I/O 0x3f8 (irq = 4, base_baud = 115200) is a 16550A
[    2.786707] Linux agpgart interface v0.103
[    2.803368] loop: module loaded
[    2.810729] scsi host0: ata_piix
[    2.821480] scsi host1: ata_piix
[    2.836896] ata1: PATA max UDMA/33 cmd 0x1f0 ctl 0x3f6 bmdma 0xd000 irq 14
[    2.845718] ata2: PATA max UDMA/33 cmd 0x170 ctl 0x376 bmdma 0xd008 irq 15
[    2.855572] libphy: Fixed MDIO Bus: probed
[    2.592] tun: Universal TUN/TAP device driver, 1.6

[    2.973121] PPP generic driver version 2.4.2
[    2.985859] ehci_hcd: USB 2.0 'Enhanced' Host Controller (EHCI) Driver
[    3.002232] ehci-pci: EHCI PCI platform driver
[    3.010906] ehci-platform: EHCI generic platform driver
[    3.025804] ohci_hcd: USB 1.1 'Open' Host Controller (OHCI) Driver
[    3.042316] ohci-pci: OHCI PCI platform driver
[    3.054739] ohci-platform: OHCI generic platform driver
[    3.078003] uhci_hcd: USB Universal Host Controller Interface driver
[    3.106312] i8042: PNP: PS/2 Controller [PNP0303:PS2K,PNP0f03:PS2M] at 0x60,0x64 irq 1,12
[    3.123186] serio: i8042 KBD port at 0x60,0x64 irq 1
[    3.155472] serio: i8042 AUX port at 0x60,0x64 irq 12
[    3.169532] mousedev: PS/2 mouse device common for all mice
[    3.179546] input: AT Translated Set 2 keyboard as /devices/platform/i8042/serio0/input/input2
[    3.184957] rtc_cmos rtc_cmos: rtc core: registered rtc_cmos as rtc0
[    3.237069] rtc_cmos rtc_cmos: alarms up to one day, 114 bytes nvram
[    3.248336] i2c /dev entries driver
[    3.262743] device-mapper: uevent: version 1.0.3
[    3.296614] device-mapper: ioctl: 4.37.0-ioctl (2017-09-20) initialised: dm-devel@redhat.com
[    3.327410] ledtrig-cpu: registered to indicate activity on CPUs
[    3.345054] NET: Registered protocol family 10
[    3.366180] Segment Routing with IPv6
[    3.378281] NET: Registered protocol family 17
[    3.389373] Key type dns_resolver registered
[    3.392930] mce: Using 0 MCE banks
[    3.395068] RAS: Correctable Errors collector initialized.
[    3.398022] sched_clock: Marking stable (3397977507, 0)->(11625709223, -8227731716)
[    3.411844] registered taskstats version 1
[    3.419871] Loading compiled-in X.509 certificates
[    3.426147] Loaded X.509 cert 'Build time autogenerated kernel key: f0020782f0d3a548186fb3f47aed88387a71e859'
[    3.432433] zswap: loaded using pool lzo/zbud
[    3.442891] Key type big_key registered
[    3.445883] Key type trusted registered
[    3.461079] Key type encrypted registered
[    3.500275] AppArmor: AppArmor sha1 policy hashing enabled
[    3.532979] ima: No TPM chip found, activating TPM-bypass! (rc=-19)
[    3.584762] ima: Allocated hash algorithm: sha1
[    3.587657] evm: HMAC attrs: 0x1
[    3.596671]   Magic number: 12:659:782
[    3.604964] rtc_cmos rtc_cmos: setting system clock to 2020-03-17 11:45:57 UTC (1584445557)
[    3.614588] BIOS EDD facility v0.16 2004-Jun-25, 0 devices found
[    3.625216] EDD information not available.
[    3.631610] Freeing unused kernel image memory: 2428K
[    3.661780] Write protecting the kernel read-only data: 20480k
[    4.525499] Freeing unused kernel image memory: 2008K
[    4.957264] Freeing unused kernel image memory: 1880K
[    5.495130] x86/mm: Checked W+X mappings: passed, no W+X pages found.
[    6.411715] x86/mm: Checking user space page tables
[    8.087962] x86/mm: Checked W+X mappings: passed, no W+X pages found.
Loading, please wait...
starting version 237
[    8.537709] e1000: Intel(R) PRO/1000 Network Driver - version 7.3.21-k8-NAPI
[    8.553992] e1000: Copyright (c) 1999-2006 Intel Corporation.
[    8.562500] Fusion MPT base driver 3.04.20
[    8.569839] Copyright (c) 1999-2008 LSI Corporation
[    8.621779] Fusion MPT SPI Host driver 3.04.20
[    8.676286] AVX2 version of gcm_enc/dec engaged.
[    8.687282] AES CTR mode by8 optimization enabled
[    8.804845] input: ImExPS/2 Generic Explorer Mouse as /devices/platform/i8042/serio1/input/input4
[    9.377224] e1000 0000:00:03.0 eth0: (PCI:33MHz:32-bit) 02:63:41:f1:0e:ed
[   10.233221] e1000 0000:00:03.0 eth0: Intel(R) PRO/1000 Network Connection
[   11.377951] mptbase: ioc0: Initiating bringup
[   12.044671] ioc0: LSI53C1030 A0: Capabilities={Initiator}
[   13.316454] scsi host2: ioc0: LSI53C1030 A0, FwRev=00000000h, Ports=1, MaxQ=256, IRQ=20
[   14.374128] scsi 2:0:0:0: Direct-Access     VBOX     HARDDISK         1.0  PQ: 0 ANSI: 5
[   14.444858] scsi target2:0:0: Beginning Domain Validation
[   14.475315] scsi target2:0:0: Domain Validation skipping write tests
[   14.495952] scsi target2:0:0: Ending Domain Validation
[   14.510452] scsi target2:0:0: asynchronous
[   14.519960] random: fast init done
[   14.527700] scsi 2:0:1:0: Direct-Access     VBOX     HARDDISK         1.0  PQ: 0 ANSI: 5
[   14.828147] scsi target2:0:1: Beginning Domain Validation
[   14.855765] scsi target2:0:1: Domain Validation skipping write tests
[   14.927235] scsi target2:0:1: Ending Domain Validation
[   14.941761] scsi target2:0:1: asynchronous
[   14.956013] sd 2:0:0:0: Attached scsi generic sg0 type 0
[   14.958627] random: systemd-udevd: uninitialized urandom read (16 bytes read)
[   14.975993] sd 2:0:0:0: [sda] 20971520 512-byte logical blocks: (10.7 GB/10.0 GiB)
[   15.010967] sd 2:0:1:0: Attached scsi generic sg1 type 0
[   15.025147] sd 2:0:1:0: [sdb] 20480 512-byte logical blocks: (10.5 MB/10.0 MiB)
[   15.036931] random: systemd-udevd: uninitialized urandom read (16 bytes read)
[   15.042254] sd 2:0:0:0: [sda] Write Protect is off
[   15.056265] random: systemd-udevd: uninitialized urandom read (16 bytes read)
[   15.088367] sd 2:0:1:0: [sdb] Write Protect is off
[   15.130633] e1000 0000:00:08.0 eth1: (PCI:33MHz:32-bit) 08:00:27:80:d3:94
[   15.145571] e1000 0000:00:08.0 eth1: Intel(R) PRO/1000 Network Connection
[   15.145912] sd 2:0:1:0: [sdb] Incomplete mode parameter data
[   15.159764] sd 2:0:0:0: [sda] Incomplete mode parameter data
[   15.162550] sd 2:0:1:0: [sdb] Assuming drive cache: write through
[   15.170672] sd 2:0:0:0: [sda] Assuming drive cache: write through
[   15.178760] sd 2:0:1:0: [sdb] Attached SCSI disk
[   15.207171] e1000 0000:00:08.0 enp0s8: renamed from eth1
[   15.212179]  sda: sda1
[   15.220351] sd 2:0:0:0: [sda] Attached SCSI disk
[   15.252286] e1000 0000:00:03.0 enp0s3: renamed from eth0
Begin: Loading essential drivers ... [   16.972254] raid6: sse2x1   gen()  6759 MB/s
[   17.024377] raid6: sse2x1   xor()  5039 MB/s
[   17.084274] raid6: sse2x2   gen()  8736 MB/s
[   17.152561] raid6: sse2x2   xor()  4952 MB/s
[   17.208123] raid6: sse2x4   gen() 10205 MB/s
[   17.264639] raid6: sse2x4   xor()  6351 MB/s
[   17.312090] raid6: avx2x1   gen() 13295 MB/s
[   17.372289] raid6: avx2x1   xor()  9426 MB/s
[   17.420143] raid6: avx2x2   gen() 16629 MB/s
[   17.484174] raid6: avx2x2   xor()  9423 MB/s
[   17.544480] raid6: avx2x4   gen() 18846 MB/s
[   17.600564] raid6: avx2x4   xor() 10291 MB/s
[   17.604650] raid6: using algorithm avx2x4 gen() 18846 MB/s
[   17.624592] raid6: .... xor() 10291 MB/s, rmw enabled
[   17.645133] raid6: using avx2x2 recovery algorithm
[   17.660931] xor: automatically using best checksumming function   avx       
[   17.686577] async_tx: api initialized (async)
done.
Begin: Running /scripts/init-premount ... done.
Begin: Mounting root file system ... Begin: Runn[   17.775856] Btrfs loaded, crc32c=crc32c-intel
ing /scripts/local-top ... done.
Begin: Running /scripts/local-premount ... Scanning for Btrfs filesystems
done.
Warning: fsck not present, so skipping root file system
[   17.935845] EXT4-fs (sda1): mounted filesystem with ordered data mode. Opts: (null)
done.
Begin: Running /scripts/local-bottom ... done.
Begin: Running /scripts/init-bottom ... done.
[   18.646868] ip_tables: (C) 2000-2006 Netfilter Core Team
[   19.602903] systemd[1]: systemd 237 running in system mode. (+PAM +AUDIT +SELINUX +IMA +APPARMOR +SMACK +SYSVINIT +UTMP +LIBCRYPTSETUP +GCRYPT +GNUTLS +ACL +XZ +LZ4 +SECCOMP +BLKID +ELFUTILS +KMOD -IDN2 +IDN -PCRE2 default-hierarchy=hybrid)
[   20.107575] systemd[1]: Detected virtualization oracle.
[   20.139736] systemd[1]: Detected architecture x86-64.

Welcome to [1mUbuntu 18.04.4 LTS[0m!

[   20.227767] systemd[1]: Set hostname to <ubuntu-bionic>.
[   22.885309] systemd[1]: Reached target Swap.
[[0;32m  OK  [0m] Reached target Swap.
[   23.050564] systemd[1]: Reached target User and Group Name Lookups.
[[0;32m  OK  [0m] Reached target User and Group Name Lookups.
[   23.796741] systemd[1]: Started Forward Password Requests to Wall Directory Watch.
[[0;32m  OK  [0m] Started Forward Password Requests to Wall Directory Watch.
[   25.341957] systemd[1]: Created slice System Slice.
[[0;32m  OK  [0m] Created slice System Slice.
[   26.378952] systemd[1]: Listening on Device-mapper event daemon FIFOs.
[[0;32m  OK  [0m] Listening on Device-mapper event daemon FIFOs.
[   26.404713] systemd[1]: Listening on udev Control Socket.
[[0;32m  OK  [0m] Listening on udev Control Socket.
[   26.416709] systemd[1]: Listening on udev Kernel Socket.
[[0;32m  OK  [0m] Listening on udev Kernel Socket.
[   26.430593] systemd[1]: Listening on Syslog Socket.
[[0;32m  OK  [0m] Listening on Syslog Socket.
[   26.438796] systemd[1]: Listening on LVM2 poll daemon socket.
[[0;32m  OK  [0m] Listening on LVM2 poll daemon socket.
[   26.463886] systemd[1]: Listening on LVM2 metadata daemon socket.
[[0;32m  OK  [0m] Listening on LVM2 metadata daemon socket.
[   26.496668] systemd[1]: Listening on Journal Audit Socket.
[[0;32m  OK  [0m] Listening on Journal Audit Socket.
[   26.505702] systemd[1]: Listening on /dev/initctl Compatibility Named Pipe.
[[0;32m  OK  [0m] Listening on /dev/initctl Compatibility Named Pipe.
[   26.545541] systemd[1]: Listening on Journal Socket (/dev/log).
[[0;32m  OK  [0m] Listening on Journal Socket (/dev/log).
[[0;32m  OK  [0m] Created slice User and Session Slice.
[[0;32m  OK  [0m] Set up automount Arbitrary Executab…rmats File System Automount Point.
[[0;32m  OK  [0m] Reached target System Time Synchronized.
[[0;32m  OK  [0m] Listening on Network Service Netlink Socket.
[[0;32m  OK  [0m] Created slice system-serial\x2dgetty.slice.
[[0;32m  OK  [0m] Listening on Journal Socket.
         Starting Remount Root and Kernel[   26.668443] random: crng init done
 File Systems...[   26.690159] random: 7 urandom warning(s) missed due to ratelimiting

         Starting udev Coldplug all Devic[   28.012956] EXT4-fs (sda1): re-mounted. Opts: (null)
es...
         Mounting Kernel Debug File System...
         Starting Create list of required st…ce nodes for the current kernel...
         Starting Uncomplicated firewall...
         Mounting Huge Pages File System...
         Mounting POSIX Message Queue File System...
         Starting Load Kernel Modules...
         Starting Set the[   28.223178] Loading iSCSI transport class v2.0-870.
 console keyboard layout...
         Starting Journal[   28.262095] iscsi: registered transport (tcp)
 Service...
         Starting Monitoring of LVM2 mirrors…ng dmeventd or progress polling...
[[0;32m  OK  [0m] Reached target Slices.
[[0;32m  OK  [0m] Started Remount Root and Kernel File Systems.
[[0;32m  OK  [0m] Mounted Kernel Debug File System.
[[0;32m  OK  [0m] Started Create list of required sta…vice nodes for the current kernel.
[   28.497830] iscsi: registered transport (iser)
[[0;32m  OK  [0m] Started Uncomplicated firewall.
[[0;32m  OK  [0m] Mounted Huge Pages File System.
[[0;32m  OK  [0m] Mounted POSIX Message Queue File System.
[[0;32m  OK  [0m] Started Journal Service.
[[0;32m  OK  [0m] Started Load Kernel Modules.
[[0;32m  OK  [0m] Started udev Coldplug all Devices.
[[0;32m  OK  [0m] Started LVM2 metadata daemon.
         Starting Apply Kernel Variables...
         Mounting FUSE Control File System...
         Mounting Kernel Configuration File System...
         Starting Create Static Device Nodes in /dev...
         Starting Flush Journal to Persistent Storage...
         Starting Load/Save Random Seed...
[[0;32m  OK  [0m] Started Set the console keyboard layout.
[[0;32m  OK  [0m] Started Monitoring of LVM2 mirrors,…sing dmeventd or progress polling.
[[0;32m  OK  [0m] Started Apply Kernel Variables.
[[0;32m  OK  [0m] Mounted FUSE Control File System.
[[0;32m  OK  [0m] Mounted Kernel Configuration File System.
[[0;32m  OK  [0m] Started Create Static Device Nodes in /dev.
[[0;32m  OK  [0m] Started Load/Save Random Seed.
         Starting udev Kernel Device Manager...
[[0;32m  OK  [0m] Reached target Local File Systems (Pre).
[[0;32m  OK  [0m] Reached target Local File Systems.
         Starting ebtables ruleset management...
         Starting AppArmor initialization...
         Starting Tell Plymouth To Write Out Runtime Data...
         Starting Set console font and keymap...
[[0;32m  OK  [0m] Started Tell Plymouth To Write Out Runtime Data.
[[0;32m  OK  [0m] Started Set console font and keymap.
[[0;32m  OK  [0m] Started udev Kernel Device Manager.
[[0;32m  OK  [0m] Started Dispatch Password Requests to Console Directory Watch.
[[0;32m  OK  [0m] Reached target Local Encrypted Volumes.
[[0;32m  OK  [0m] Started Flush Journal to Persistent Storage.
         Starting Create Volatile Files and Directories...
[[0;32m  OK  [0m] Started ebtables ruleset management.
[[0;32m  OK  [0m] Started Create Volatile Files and Directories.
         Starting Update UTMP about System Boot/Shutdown...
[[0;32m  OK  [0m] Started Update UTMP about System Boot/Shutdown.
[[0;32m  OK  [0m] Found device /dev/ttyS0.
[[0;32m  OK  [0m] Listening on Load/Save RF Kill Switch Status /dev/rfkill Watch.
[[0;32m  OK  [0m] Started AppArmor initialization.
         Starting Initial cloud-init job (pre-networking)...
[   37.371784] cloud-init[528]: Cloud-init v. 19.4-33-gbb4131a2-0ubuntu1~18.04.1 running 'init-local' at Tue, 17 Mar 2020 11:46:30 +0000. Up 36.61 seconds.
[[0;32m  OK  [0m] Started Initial cloud-init job (pre-networking).
[[0;32m  OK  [0m] Reached target Network (Pre).
         Starting Network Service...
[[0;32m  OK  [0m] Started Network Service.
         Starting Wait for Network to be Configured...
         Starting Network Name Resolution...
[[0;32m  OK  [0m] Started Network Name Resolution.
[[0;32m  OK  [0m] Reached target Host and Network Name Lookups.
[[0;32m  OK  [0m] Reached target Network.
[[0;32m  OK  [0m] Started Wait for Network to be Configured.
         Starting Initial cloud-init job (metadata service crawler)...
[   40.775254] cloud-init[668]: Cloud-init v. 19.4-33-gbb4131a2-0ubuntu1~18.04.1 running 'init' at Tue, 17 Mar 2020 11:46:34 +0000. Up 40.40 seconds.
[   40.832639] cloud-init[668]: ci-info: ++++++++++++++++++++++++++++++++++++++Net device info+++++++++++++++++++++++++++++++++++++++
[   40.862741] cloud-init[668]: ci-info: +--------+------+-----------------------------+---------------+--------+-------------------+
[   40.886986] cloud-init[668]: ci-info: | Device |  Up  |           Address           |      Mask     | Scope  |     Hw-Address    |
[   40.924807] cloud-init[668]: ci-info: +--------+------+-----------------------------+---------------+--------+-------------------+
[   40.962053] cloud-init[668]: ci-info: | enp0s3 | True |          10.0.2.15          | 255.255.255.0 | global | 02:63:41:f1:0e:ed |
[   40.992531] cloud-init[668]: ci-info: | enp0s3 | True |  fe80::63:41ff:fef1:eed/64  |       .       |  link  | 02:63:41:f1:0e:ed |
[   41.028489] cloud-init[668]: ci-info: | enp0s8 | True |        192.168.10.100       | 255.255.255.0 | global | 08:00:27:80:d3:94 |
[   41.052434] cloud-init[668]: ci-info: | enp0s8 | True | fe80::a00:27ff:fe80:d394/64 |       .       |  link  | 08:00:27:80:d3:94 |
[   41.086563] cloud-init[668]: ci-info: |   lo   | True |          127.0.0.1          |   255.0.0.0   |  host  |         .         |
[   41.121322] cloud-init[668]: ci-info: |   lo   | True |           ::1/128           |       .       |  host  |         .         |
[   41.163034] cloud-init[668]: ci-info: +--------+------+-----------------------------+---------------+--------+-------------------+
[   41.180440] cloud-init[668]: ci-info: +++++++++++++++++++++++++++++Route IPv4 info+++++++++++++++++++++++++++++
[   41.221075] cloud-init[668]: ci-info: +-------+--------------+----------+-----------------+-----------+-------+
[   41.264451] cloud-init[668]: ci-info: | Route | Destination  | Gateway  |     Genmask     | Interface | Flags |
[   41.284298] cloud-init[668]: ci-info: +-------+--------------+----------+-----------------+-----------+-------+
[[0;32m  OK  [0m] Started Initial cloud-init job (metadata service crawler).
[[0;32m  OK  [0m] Reached target Network is Online.
[   41.325868] cloud-init[668]: ci-info: |   0   |   0.0.0.0    | 10.0.2.2 |     0.0.0.0     |   enp0s3  |   UG  |
[[0;32m  OK  [0m] Reached target Remote File Systems (Pre).
[[0;32m  OK  [0m] Reached target Remote File Systems.
[   41.381028] cloud-init[668]: ci-info: |   1   |   10.0.2.0   | 0.0.0.0  |  255.255.255.0  |   enp0s3  |   U   |
         Starting Availability of block devices...
[   41.448779] cloud-init[668]: ci-info: |   2   |   10.0.2.2   | 0.0.0.0  | 255.255.255.255 |   enp0s3  |   UH  |
[   41.463627] cloud-init[668]: ci-info: |   3   | 192.168.10.0 | 0.0.0.0  |  255.255.255.0  |   enp0s8  |   U   |
[   41.463700] cloud-init[668]: ci-info: +-------+--------------+----------+-----------------+-----------+-------+
[[0;32m  OK  [0m] Reached target Cloud-config availability.
[[0;32m  OK  [0m] Reached target System Initialization.
[   41.464883] cloud-init[668]: ci-info: +++++++++++++++++++Route IPv6 info+++++++++++++++++++
[   41.620872] cloud-init[668]: ci-info: +-------+-------------+---------+-----------+-------+
[[0;32m  OK  [0m] Listening on ACPID Listen Socket.
[   41.622165] [[0;32m  OK  [0m] Listening on Open-iSCSI iscsid Socket.cloud-init
[668]: ci-info: | Route | Destination | Gateway | Interface | Flags |
         Starting Socket activation for snappy daemon.
[   41.764923] cloud-init[668]: ci-info: +-------+-------------+---------+-----------+-------+
[[0;32m  OK  [0m] Started Message of the Day.
[   41.789833] cloud-init[668]: ci-info: |   1   |  fe80::/64  |    ::   |   enp0s8  |   U   |
[[0;32m  OK  [0m] Started Discard unused blocks once a week.
[   41.790712] [[0;32m  OK  [0m] Started Daily apt download activities.
cloud-init[668]: ci-info: |   2   |  fe80::/64  |    ::   |   enp0s3  |   U   |
[[0;32m  OK  [0m] Started Daily apt upgrade and clean activities.
[[0;32m  OK  [0m] Listening on UUID daemon activation socket.
[   41.859622] cloud-init[668]: ci-info: |   4   |    local    |    ::   |   enp0s3  |   U   |
         Starting LXD - unix socket.
[[0;32m  OK  [0m] Started Daily Cleanup of Temporary Directories.
[[0;32m  OK  [0m] Reached target Timers.
[   41.977222] cloud-init[668]: ci-info: |   5   |    local    |    ::   |   enp0s8  |   U   |
[[0;32m  OK  [0m] Listening on D-Bus System Message Bus Socket.
[[0;32m  OK  [0m] Started ACPI Events Check.
[[0;32m  OK  [0m] Reached target Paths.
[[0;32m  OK  [0m] Started Availability of block devices.
[   42.067552] cloud-init[668]: ci-info: |   6   |   ff00::/8  |    ::   |   enp0s8  |   U   |
[[0;32m  OK  [0m] Listening on Socket activation for snappy daemon.
[   42.106790] cloud-init[668]: ci-info: |   7   |   ff00::/8  |    ::   |   enp0s3  |   U   |
[[0;32m  OK  [0m] Listening on LXD - unix socket.
[   42.115727] [cloud-init[0;32m  OK  [0m[668]: ] ci-info: +-------+-------------+---------+-----------+-------+Reached target Sockets.

[[0;32m  OK  [0m] Reached target Basic System.
         Starting Login Service...
[[0;32m  OK  [0m] Started Regular background program processing daemon.
[[0;32m  OK  [0m] Started FUSE filesystem for LXC.
[[0;32m  OK  [0m] Started Deferred execution scheduler.
         Starting Accounts Service...
         Starting Dispatcher daemon for systemd-networkd...
         Starting Permit User Sessions...
         Starting LSB: Record successful boot for GRUB...
         Starting Virtualbox guest utils...
         Starting LXD - container startup/shutdown...
         Starting Snappy daemon...
         Starting LSB: automatic crash report generation...
         Starting A high performance web server and a reverse proxy server...
         Starting System Logging Service...
[[0;32m  OK  [0m] Started D-Bus System Message Bus.
[[0;32m  OK  [0m] Started Login Service.
[[0;32m  OK  [0m] Started Unattended Upgrades Shutdown.
         Starting OpenBSD Secure Shell server...
[[0;32m  OK  [0m] Started irqbalance daemon.
[[0;32m  OK  [0m] Started System Logging Service.
[[0;32m  OK  [0m] Started Permit User Sessions.
         Starting Authorization Manager...
         Starting Terminate Plymouth Boot Screen...
         Starting Hold until boot process finishes up...
[[0;32m  OK  [0m] Started Hold until boot process finishes up.
[[0;32m  OK  [0m] Started Terminate Plymouth Boot Screen.
         Starting Set console scheme...
[[0;32m  OK  [0m] Started Serial Getty on ttyS0.
[[0;32m  OK  [0m] Started Set console scheme.
[[0;32m  OK  [0m] Created slice system-getty.slice.
[[0;32m  OK  [0m] Started Getty on tty1.
[[0;32m  OK  [0m] Reached target Login Prompts.
[[0;32m  OK  [0m] Started LSB: automatic crash report generation.
[[0;32m  OK  [0m] Started Authorization Manager.
[[0;32m  OK  [0m] Started Accounts Service.
[[0;32m  OK  [0m] Started OpenBSD Secure Shell server.
[[0;32m  OK  [0m] Started LSB: Record successful boot for GRUB.
[[0;32m  OK  [0m] Started A high performance web server and a reverse proxy server.
[[0;32m  OK  [0m] Started Virtualbox guest utils.
[[0;32m  OK  [0m] Started Dispatcher daemon for systemd-networkd.
[[0;32m  OK  [0m] Started LXD - container startup/shutdown.
[[0;32m  OK  [0m] Created slice User Slice of vagrant.
         Starting User Manager for UID 1000...
[[0;32m  OK  [0m] Started Session 1 of user vagrant.
[[0;32m  OK  [0m] Started Snappy daemon.
         Starting Wait until snapd is fully seeded...
[[0;32m  OK  [0m] Started Wait until snapd is fully seeded.
         Starting Apply the settings specified in cloud-config...
[[0;32m  OK  [0m] Reached target Multi-User System.
[[0;32m  OK  [0m] Reached target Graphical Interface.
         Starting Update UTMP about System Runlevel Changes...
[[0;32m  OK  [0m] Started User Manager for UID 1000.
[[0;32m  OK  [0m] Started Update UTMP about System Runlevel Changes.
[   48.191964] cloud-init[1170]: Cloud-init v. 19.4-33-gbb4131a2-0ubuntu1~18.04.1 running 'modules:config' at Tue, 17 Mar 2020 11:46:41 +0000. Up 47.81 seconds.
[[0;32m  OK  [0m] Started Apply the settings specified in cloud-config.
         Starting Execute cloud user/final scripts...
[   50.241422] cloud-init[1310]: Cloud-init v. 19.4-33-gbb4131a2-0ubuntu1~18.04.1 running 'modules:final' at Tue, 17 Mar 2020 11:46:43 +0000. Up 49.89 seconds.
[   50.243271] cloud-init[1310]: Cloud-init v. 19.4-33-gbb4131a2-0ubuntu1~18.04.1 finished at Tue, 17 Mar 2020 11:46:44 +0000. Datasource DataSourceNoCloud [seed=/dev/sdb][dsmode=net].  Up 50.22 seconds

Ubuntu 18.04.4 LTS ubuntu-bionic ttyS0

ubuntu-bionic login: 